app/build/intermediates/manifest_merge_blame_file/release/manifest-merger-blame-release-report.txt
1<?xml version="1.0" encoding="utf-8"?>
2<manifest xmlns:android="http://schemas.android.com/apk/res/android"
3    package="com.speedcam"
4    android:versionCode="1"
5    android:versionName="1.0" >
6
7    <uses-sdk
8        android:minSdkVersion="21"
8-->src\main\AndroidManifest.xml
9        android:targetSdkVersion="31" />
9-->src\main\AndroidManifest.xml
10
11    <uses-permission android:name="android.permission.INTERNET" />
11-->src\main\AndroidManifest.xml:4:5-67
11-->src\main\AndroidManifest.xml:4:22-64
12    <!-- if you want to record video: -->
13    <uses-permission android:name="android.permission.CAMERA" />
13-->src\main\AndroidManifest.xml:6:5-65
13-->src\main\AndroidManifest.xml:6:22-62
14    <!-- optionally, if you want to record audio: -->
15    <uses-permission android:name="android.permission.RECORD_AUDIO" />
15-->src\main\AndroidManifest.xml:8:5-71
15-->src\main\AndroidManifest.xml:8:22-68
16    <!-- storage permission -->
17    <uses-permission android:name="android.permission.WRITE_EXTERNAL_STORAGE" />
17-->src\main\AndroidManifest.xml:10:5-80
17-->src\main\AndroidManifest.xml:10:22-78
18
19    <queries>
19-->[androidx.camera:camera-extensions:1.1.0-beta02] AndroidManifest.xml:24:5-28:15
20        <intent>
20-->[androidx.camera:camera-extensions:1.1.0-beta02] AndroidManifest.xml:25:9-27:18
21            <action android:name="androidx.camera.extensions.action.VENDOR_ACTION" />
21-->[androidx.camera:camera-extensions:1.1.0-beta02] AndroidManifest.xml:26:13-86
21-->[androidx.camera:camera-extensions:1.1.0-beta02] AndroidManifest.xml:26:21-83
22        </intent>
23    </queries>
24
25    <application
25-->src\main\AndroidManifest.xml:12:5-32:19
26        android:name="com.speedcam.MainApplication"
26-->src\main\AndroidManifest.xml:14:7-38
27        android:allowBackup="false"
27-->src\main\AndroidManifest.xml:18:7-34
28        android:appComponentFactory="androidx.core.app.CoreComponentFactory"
28-->[androidx.core:core:1.7.0] AndroidManifest.xml:24:18-86
29        android:icon="@mipmap/ic_launcher"
29-->src\main\AndroidManifest.xml:16:7-41
30        android:label="@string/app_name"
30-->src\main\AndroidManifest.xml:15:7-39
31        android:requestLegacyExternalStorage="true"
31-->src\main\AndroidManifest.xml:13:7-50
32        android:roundIcon="@mipmap/ic_launcher_round"
32-->src\main\AndroidManifest.xml:17:7-52
33        android:theme="@style/AppTheme" >
33-->src\main\AndroidManifest.xml:19:7-38
34        <activity
34-->src\main\AndroidManifest.xml:20:7-31:18
35            android:name="com.speedcam.MainActivity"
35-->src\main\AndroidManifest.xml:21:9-37
36            android:configChanges="keyboard|keyboardHidden|orientation|screenLayout|screenSize|smallestScreenSize|uiMode"
36-->src\main\AndroidManifest.xml:23:9-118
37            android:exported="true"
37-->src\main\AndroidManifest.xml:26:9-32
38            android:label="@string/app_name"
38-->src\main\AndroidManifest.xml:22:9-41
39            android:launchMode="singleTask"
39-->src\main\AndroidManifest.xml:24:9-40
40            android:windowSoftInputMode="adjustResize" >
40-->src\main\AndroidManifest.xml:25:9-51
41            <intent-filter>
41-->src\main\AndroidManifest.xml:27:9-30:25
42                <action android:name="android.intent.action.MAIN" />
42-->src\main\AndroidManifest.xml:28:13-65
42-->src\main\AndroidManifest.xml:28:21-62
43
44                <category android:name="android.intent.category.LAUNCHER" />
44-->src\main\AndroidManifest.xml:29:13-73
44-->src\main\AndroidManifest.xml:29:23-70
45            </intent-filter>
46        </activity>
47
48        <uses-library
48-->[androidx.camera:camera-extensions:1.1.0-beta02] AndroidManifest.xml:31:9-33:40
49            android:name="androidx.camera.extensions.impl"
49-->[androidx.camera:camera-extensions:1.1.0-beta02] AndroidManifest.xml:32:13-59
50            android:required="false" />
50-->[androidx.camera:camera-extensions:1.1.0-beta02] AndroidManifest.xml:33:13-37
51
52        <service
52-->[androidx.camera:camera-camera2:1.1.0-beta02] AndroidManifest.xml:26:9-35:19
53            android:name="androidx.camera.core.impl.MetadataHolderService"
53-->[androidx.camera:camera-camera2:1.1.0-beta02] AndroidManifest.xml:27:13-75
54            android:enabled="false"
54-->[androidx.camera:camera-camera2:1.1.0-beta02] AndroidManifest.xml:28:13-36
55            android:exported="false" >
55-->[androidx.camera:camera-camera2:1.1.0-beta02] AndroidManifest.xml:29:13-37
56            <meta-data
56-->[androidx.camera:camera-camera2:1.1.0-beta02] AndroidManifest.xml:32:13-34:89
57                android:name="androidx.camera.core.impl.MetadataHolderService.DEFAULT_CONFIG_PROVIDER"
57-->[androidx.camera:camera-camera2:1.1.0-beta02] AndroidManifest.xml:33:17-103
58                android:value="androidx.camera.camera2.Camera2Config$DefaultProvider" />
58-->[androidx.camera:camera-camera2:1.1.0-beta02] AndroidManifest.xml:34:17-86
59        </service>
60
61        <provider
61-->[androidx.emoji2:emoji2:1.0.0] AndroidManifest.xml:26:9-34:20
62            android:name="androidx.startup.InitializationProvider"
62-->[androidx.emoji2:emoji2:1.0.0] AndroidManifest.xml:27:13-67
63            android:authorities="com.speedcam.androidx-startup"
63-->[androidx.emoji2:emoji2:1.0.0] AndroidManifest.xml:28:13-68
64            android:exported="false" >
64-->[androidx.emoji2:emoji2:1.0.0] AndroidManifest.xml:29:13-37
65            <meta-data
65-->[androidx.emoji2:emoji2:1.0.0] AndroidManifest.xml:31:13-33:52
66                android:name="androidx.emoji2.text.EmojiCompatInitializer"
66-->[androidx.emoji2:emoji2:1.0.0] AndroidManifest.xml:32:17-75
67                android:value="androidx.startup" />
67-->[androidx.emoji2:emoji2:1.0.0] AndroidManifest.xml:33:17-49
68            <meta-data
68-->[androidx.lifecycle:lifecycle-process:2.4.0] AndroidManifest.xml:31:13-33:52
69                android:name="androidx.lifecycle.ProcessLifecycleInitializer"
69-->[androidx.lifecycle:lifecycle-process:2.4.0] AndroidManifest.xml:32:17-78
70                android:value="androidx.startup" />
70-->[androidx.lifecycle:lifecycle-process:2.4.0] AndroidManifest.xml:33:17-49
71        </provider>
72    </application>
73
74</manifest>